2021-04-27 15:43:32.417  INFO 217548 --- [main] c.l.c.web.LegendsBaseStarterApplication  : Starting LegendsBaseStarterApplication using Java 1.8.0_211 on SUNLINE24-PC with PID 217548 (D:\open_source\spring-cloud-legends\spring-cloud-legends-starters\target\classes started by sunline24 in D:\open_source\spring-cloud-legends)
2021-04-27 15:43:32.451  INFO 217548 --- [main] c.l.c.web.LegendsBaseStarterApplication  : The following profiles are active: dev
2021-04-27 15:43:35.459  WARN 217548 --- [main] ConfigServletWebServerApplicationContext : Exception encountered during context initialization - cancelling refresh attempt: org.springframework.beans.factory.BeanDefinitionStoreException: Failed to process import candidates for configuration class [RestTemplateConfig]; nested exception is java.lang.IllegalStateException: Annotation @EnableCircuitBreaker found, but there are no implementations. Did you forget to include a starter?
2021-04-27 15:43:35.537  INFO 217548 --- [main] ConditionEvaluationReportLoggingListener : 

Error starting ApplicationContext. To display the conditions report re-run your application with 'debug' enabled.
2021-04-27 15:43:35.617 ERROR 217548 --- [main] o.s.boot.SpringApplication               : Application run failed

org.springframework.beans.factory.BeanDefinitionStoreException: Failed to process import candidates for configuration class [RestTemplateConfig]; nested exception is java.lang.IllegalStateException: Annotation @EnableCircuitBreaker found, but there are no implementations. Did you forget to include a starter?
	at org.springframework.context.annotation.ConfigurationClassParser.processImports(ConfigurationClassParser.java:610)
	at org.springframework.context.annotation.ConfigurationClassParser.doProcessConfigurationClass(ConfigurationClassParser.java:311)
	at org.springframework.context.annotation.ConfigurationClassParser.processConfigurationClass(ConfigurationClassParser.java:250)
	at org.springframework.context.annotation.ConfigurationClassParser.processImports(ConfigurationClassParser.java:600)
	at org.springframework.context.annotation.ConfigurationClassParser.access$800(ConfigurationClassParser.java:111)
	at org.springframework.context.annotation.ConfigurationClassParser$DeferredImportSelectorGroupingHandler.lambda$processGroupImports$1(ConfigurationClassParser.java:812)
	at java.util.ArrayList.forEach(ArrayList.java:1257)
	at org.springframework.context.annotation.ConfigurationClassParser$DeferredImportSelectorGroupingHandler.processGroupImports(ConfigurationClassParser.java:809)
	at org.springframework.context.annotation.ConfigurationClassParser$DeferredImportSelectorHandler.process(ConfigurationClassParser.java:780)
	at org.springframework.context.annotation.ConfigurationClassParser.parse(ConfigurationClassParser.java:193)
	at org.springframework.context.annotation.ConfigurationClassPostProcessor.processConfigBeanDefinitions(ConfigurationClassPostProcessor.java:330)
	at org.springframework.context.annotation.ConfigurationClassPostProcessor.postProcessBeanDefinitionRegistry(ConfigurationClassPostProcessor.java:246)
	at org.springframework.context.support.PostProcessorRegistrationDelegate.invokeBeanDefinitionRegistryPostProcessors(PostProcessorRegistrationDelegate.java:311)
	at org.springframework.context.support.PostProcessorRegistrationDelegate.invokeBeanFactoryPostProcessors(PostProcessorRegistrationDelegate.java:112)
	at org.springframework.context.support.AbstractApplicationContext.invokeBeanFactoryPostProcessors(AbstractApplicationContext.java:745)
	at org.springframework.context.support.AbstractApplicationContext.refresh(AbstractApplicationContext.java:563)
	at org.springframework.boot.web.servlet.context.ServletWebServerApplicationContext.refresh(ServletWebServerApplicationContext.java:144)
	at org.springframework.boot.SpringApplication.refresh(SpringApplication.java:767)
	at org.springframework.boot.SpringApplication.refresh(SpringApplication.java:759)
	at org.springframework.boot.SpringApplication.refreshContext(SpringApplication.java:426)
	at org.springframework.boot.SpringApplication.run(SpringApplication.java:326)
	at org.springframework.boot.SpringApplication.run(SpringApplication.java:1311)
	at org.springframework.boot.SpringApplication.run(SpringApplication.java:1300)
	at LegendsBaseStarterApplication.main(LegendsBaseStarterApplication.java:12)
Caused by: java.lang.IllegalStateException: Annotation @EnableCircuitBreaker found, but there are no implementations. Did you forget to include a starter?
	at org.springframework.cloud.commons.util.SpringFactoryImportSelector.selectImports(SpringFactoryImportSelector.java:77)
	at org.springframework.context.annotation.ConfigurationClassParser$DefaultDeferredImportSelectorGroup.process(ConfigurationClassParser.java:904)
	at org.springframework.context.annotation.ConfigurationClassParser$DeferredImportSelectorGrouping.getImports(ConfigurationClassParser.java:879)
	at org.springframework.context.annotation.ConfigurationClassParser$DeferredImportSelectorGroupingHandler.processGroupImports(ConfigurationClassParser.java:809)
	at org.springframework.context.annotation.ConfigurationClassParser$DeferredImportSelectorHandler.handle(ConfigurationClassParser.java:765)
	at org.springframework.context.annotation.ConfigurationClassParser.processImports(ConfigurationClassParser.java:578)
	... 23 common frames omitted

2021-04-27 15:44:41.794  INFO 66740 --- [main] c.l.c.web.LegendsBaseStarterApplication  : Starting LegendsBaseStarterApplication using Java 1.8.0_211 on SUNLINE24-PC with PID 66740 (D:\open_source\spring-cloud-legends\spring-cloud-legends-starters\target\classes started by sunline24 in D:\open_source\spring-cloud-legends)
2021-04-27 15:44:41.855  INFO 66740 --- [main] c.l.c.web.LegendsBaseStarterApplication  : The following profiles are active: dev
2021-04-27 15:44:47.476  INFO 66740 --- [main] o.s.cloud.context.scope.GenericScope     : BeanFactory id=a1ce0dbe-3015-371b-924e-4ae12f41a989
2021-04-27 15:44:50.872  INFO 66740 --- [main] o.s.b.w.embedded.tomcat.TomcatWebServer  : Tomcat initialized with port(s): 8888 (http)
2021-04-27 15:44:50.900  INFO 66740 --- [main] o.apache.catalina.core.StandardService   : Starting service [Tomcat]
2021-04-27 15:44:50.902  INFO 66740 --- [main] org.apache.catalina.core.StandardEngine  : Starting Servlet engine: [Apache Tomcat/9.0.43]
2021-04-27 15:44:51.692  INFO 66740 --- [main] o.a.c.c.C.[Tomcat].[localhost].[/]       : Initializing Spring embedded WebApplicationContext
2021-04-27 15:44:51.693  INFO 66740 --- [main] w.s.c.ServletWebServerApplicationContext : Root WebApplicationContext: initialization completed in 9735 ms
2021-04-27 15:44:53.132  INFO 66740 --- [main] o.s.b.a.e.web.ServletEndpointRegistrar   : Registered '/actuator/jolokia' to jolokia-actuator-endpoint
2021-04-27 15:44:56.028  INFO 66740 --- [main] o.s.s.concurrent.ThreadPoolTaskExecutor  : Initializing ExecutorService
2021-04-27 15:44:56.031  INFO 66740 --- [main] o.s.s.concurrent.ThreadPoolTaskExecutor  : Initializing ExecutorService 'primaryThreadPool'
2021-04-27 15:44:56.375  INFO 66740 --- [main] WebConfig   : configureContentNegotiation-------->
2021-04-27 15:45:00.164  INFO 66740 --- [main] o.s.b.a.e.web.EndpointLinksResolver      : Exposing 17 endpoint(s) beneath base path '/actuator'
2021-04-27 15:45:00.968  INFO 66740 --- [main] o.s.s.concurrent.ThreadPoolTaskExecutor  : Initializing ExecutorService
2021-04-27 15:45:00.986  INFO 66740 --- [main] o.s.s.concurrent.ThreadPoolTaskExecutor  : Initializing ExecutorService 'secondaryThreadPool'
2021-04-27 15:45:01.521  INFO 66740 --- [main] WebConfig   : configureAsyncSupport-------->
2021-04-27 15:45:01.546  INFO 66740 --- [main] WebConfig   : myCallableProcessingInterceptor-------->
2021-04-27 15:45:02.164  INFO 66740 --- [main] WebConfig   : configureDefaultServletHandling-------->
2021-04-27 15:45:02.183  WARN 66740 --- [main] ConfigServletWebServerApplicationContext : Exception encountered during context initialization - cancelling refresh attempt: org.springframework.beans.factory.BeanCreationException: Error creating bean with name 'defaultServletHandlerMapping' defined in class path resource [org/springframework/boot/autoconfigure/web/servlet/WebMvcAutoConfiguration$EnableWebMvcConfiguration.class]: Bean instantiation via factory method failed; nested exception is org.springframework.beans.BeanInstantiationException: Failed to instantiate [org.springframework.web.servlet.HandlerMapping]: Factory method 'defaultServletHandlerMapping' threw exception; nested exception is java.lang.IllegalStateException: Unable to locate the default servlet for serving static content. Please set the 'defaultServletName' property explicitly.
2021-04-27 15:45:02.184  INFO 66740 --- [main] o.s.s.concurrent.ThreadPoolTaskExecutor  : Shutting down ExecutorService 'secondaryThreadPool'
2021-04-27 15:45:02.187  INFO 66740 --- [main] o.s.s.concurrent.ThreadPoolTaskExecutor  : Shutting down ExecutorService 'primaryThreadPool'
2021-04-27 15:45:02.213  INFO 66740 --- [main] o.apache.catalina.core.StandardService   : Stopping service [Tomcat]
2021-04-27 15:45:02.273  INFO 66740 --- [main] ConditionEvaluationReportLoggingListener : 

Error starting ApplicationContext. To display the conditions report re-run your application with 'debug' enabled.
2021-04-27 15:45:02.323 ERROR 66740 --- [main] o.s.boot.SpringApplication               : Application run failed

org.springframework.beans.factory.BeanCreationException: Error creating bean with name 'defaultServletHandlerMapping' defined in class path resource [org/springframework/boot/autoconfigure/web/servlet/WebMvcAutoConfiguration$EnableWebMvcConfiguration.class]: Bean instantiation via factory method failed; nested exception is org.springframework.beans.BeanInstantiationException: Failed to instantiate [org.springframework.web.servlet.HandlerMapping]: Factory method 'defaultServletHandlerMapping' threw exception; nested exception is java.lang.IllegalStateException: Unable to locate the default servlet for serving static content. Please set the 'defaultServletName' property explicitly.
	at org.springframework.beans.factory.support.ConstructorResolver.instantiate(ConstructorResolver.java:658)
	at org.springframework.beans.factory.support.ConstructorResolver.instantiateUsingFactoryMethod(ConstructorResolver.java:486)
	at org.springframework.beans.factory.support.AbstractAutowireCapableBeanFactory.instantiateUsingFactoryMethod(AbstractAutowireCapableBeanFactory.java:1334)
	at org.springframework.beans.factory.support.AbstractAutowireCapableBeanFactory.createBeanInstance(AbstractAutowireCapableBeanFactory.java:1177)
	at org.springframework.beans.factory.support.AbstractAutowireCapableBeanFactory.doCreateBean(AbstractAutowireCapableBeanFactory.java:564)
	at org.springframework.beans.factory.support.AbstractAutowireCapableBeanFactory.createBean(AbstractAutowireCapableBeanFactory.java:524)
	at org.springframework.beans.factory.support.AbstractBeanFactory.lambda$doGetBean$0(AbstractBeanFactory.java:335)
	at org.springframework.beans.factory.support.DefaultSingletonBeanRegistry.getSingleton(DefaultSingletonBeanRegistry.java:234)
	at org.springframework.beans.factory.support.AbstractBeanFactory.doGetBean(AbstractBeanFactory.java:333)
	at org.springframework.beans.factory.support.AbstractBeanFactory.getBean(AbstractBeanFactory.java:208)
	at org.springframework.beans.factory.support.DefaultListableBeanFactory.preInstantiateSingletons(DefaultListableBeanFactory.java:944)
	at org.springframework.context.support.AbstractApplicationContext.finishBeanFactoryInitialization(AbstractApplicationContext.java:917)
	at org.springframework.context.support.AbstractApplicationContext.refresh(AbstractApplicationContext.java:582)
	at org.springframework.boot.web.servlet.context.ServletWebServerApplicationContext.refresh(ServletWebServerApplicationContext.java:144)
	at org.springframework.boot.SpringApplication.refresh(SpringApplication.java:767)
	at org.springframework.boot.SpringApplication.refresh(SpringApplication.java:759)
	at org.springframework.boot.SpringApplication.refreshContext(SpringApplication.java:426)
	at org.springframework.boot.SpringApplication.run(SpringApplication.java:326)
	at org.springframework.boot.SpringApplication.run(SpringApplication.java:1311)
	at org.springframework.boot.SpringApplication.run(SpringApplication.java:1300)
	at LegendsBaseStarterApplication.main(LegendsBaseStarterApplication.java:12)
Caused by: org.springframework.beans.BeanInstantiationException: Failed to instantiate [org.springframework.web.servlet.HandlerMapping]: Factory method 'defaultServletHandlerMapping' threw exception; nested exception is java.lang.IllegalStateException: Unable to locate the default servlet for serving static content. Please set the 'defaultServletName' property explicitly.
	at org.springframework.beans.factory.support.SimpleInstantiationStrategy.instantiate(SimpleInstantiationStrategy.java:185)
	at org.springframework.beans.factory.support.ConstructorResolver.instantiate(ConstructorResolver.java:653)
	... 20 common frames omitted
Caused by: java.lang.IllegalStateException: Unable to locate the default servlet for serving static content. Please set the 'defaultServletName' property explicitly.
	at org.springframework.web.servlet.resource.DefaultServletHttpRequestHandler.setServletContext(DefaultServletHttpRequestHandler.java:111)
	at org.springframework.web.servlet.config.annotation.DefaultServletHandlerConfigurer.enable(DefaultServletHandlerConfigurer.java:85)
	at org.springframework.web.servlet.config.annotation.DefaultServletHandlerConfigurer.enable(DefaultServletHandlerConfigurer.java:71)
	at WebConfig.configureDefaultServletHandling(WebConfig.java:41)
	at org.springframework.web.servlet.config.annotation.WebMvcConfigurerComposite.configureDefaultServletHandling(WebMvcConfigurerComposite.java:74)
	at org.springframework.web.servlet.config.annotation.DelegatingWebMvcConfiguration.configureDefaultServletHandling(DelegatingWebMvcConfiguration.java:73)
	at org.springframework.web.servlet.config.annotation.WebMvcConfigurationSupport.defaultServletHandlerMapping(WebMvcConfigurationSupport.java:640)
	at sun.reflect.NativeMethodAccessorImpl.invoke0(Native Method)
	at sun.reflect.NativeMethodAccessorImpl.invoke(NativeMethodAccessorImpl.java:62)
	at sun.reflect.DelegatingMethodAccessorImpl.invoke(DelegatingMethodAccessorImpl.java:43)
	at java.lang.reflect.Method.invoke(Method.java:498)
	at org.springframework.beans.factory.support.SimpleInstantiationStrategy.instantiate(SimpleInstantiationStrategy.java:154)
	... 21 common frames omitted

2021-04-27 16:26:53.124  INFO 217836 --- [main] c.l.c.web.LegendsBaseStarterApplication  : Starting LegendsBaseStarterApplication using Java 1.8.0_211 on SUNLINE24-PC with PID 217836 (D:\open_source\spring-cloud-legends\spring-cloud-legends-starters\target\classes started by sunline24 in D:\open_source\spring-cloud-legends)
2021-04-27 16:26:53.135  INFO 217836 --- [main] c.l.c.web.LegendsBaseStarterApplication  : The following profiles are active: dev
2021-04-27 16:26:58.931  INFO 217836 --- [main] o.s.cloud.context.scope.GenericScope     : BeanFactory id=a1ce0dbe-3015-371b-924e-4ae12f41a989
2021-04-27 16:27:03.579  INFO 217836 --- [main] o.s.b.w.embedded.tomcat.TomcatWebServer  : Tomcat initialized with port(s): 8888 (http)
2021-04-27 16:27:03.611  INFO 217836 --- [main] o.apache.catalina.core.StandardService   : Starting service [Tomcat]
2021-04-27 16:27:03.612  INFO 217836 --- [main] org.apache.catalina.core.StandardEngine  : Starting Servlet engine: [Apache Tomcat/9.0.43]
2021-04-27 16:27:04.182  INFO 217836 --- [main] o.a.c.c.C.[Tomcat].[localhost].[/]       : Initializing Spring embedded WebApplicationContext
2021-04-27 16:27:04.183  INFO 217836 --- [main] w.s.c.ServletWebServerApplicationContext : Root WebApplicationContext: initialization completed in 10719 ms
2021-04-27 16:27:05.528  INFO 217836 --- [main] o.s.b.a.e.web.ServletEndpointRegistrar   : Registered '/actuator/jolokia' to jolokia-actuator-endpoint
2021-04-27 16:27:06.978  INFO 217836 --- [main] o.s.s.concurrent.ThreadPoolTaskExecutor  : Initializing ExecutorService
2021-04-27 16:27:06.985  INFO 217836 --- [main] o.s.s.concurrent.ThreadPoolTaskExecutor  : Initializing ExecutorService 'primaryThreadPool'
2021-04-27 16:27:08.613  INFO 217836 --- [main] o.s.b.a.e.web.EndpointLinksResolver      : Exposing 17 endpoint(s) beneath base path '/actuator'
2021-04-27 16:27:09.203  INFO 217836 --- [main] o.s.s.concurrent.ThreadPoolTaskExecutor  : Initializing ExecutorService
2021-04-27 16:27:09.216  INFO 217836 --- [main] o.s.s.concurrent.ThreadPoolTaskExecutor  : Initializing ExecutorService 'secondaryThreadPool'
2021-04-27 16:27:10.138  WARN 217836 --- [main] ConfigServletWebServerApplicationContext : Exception encountered during context initialization - cancelling refresh attempt: org.springframework.beans.factory.BeanCreationException: Error creating bean with name 'defaultServletHandlerMapping' defined in class path resource [org/springframework/boot/autoconfigure/web/servlet/WebMvcAutoConfiguration$EnableWebMvcConfiguration.class]: Bean instantiation via factory method failed; nested exception is org.springframework.beans.BeanInstantiationException: Failed to instantiate [org.springframework.web.servlet.HandlerMapping]: Factory method 'defaultServletHandlerMapping' threw exception; nested exception is java.lang.IllegalStateException: Unable to locate the default servlet for serving static content. Please set the 'defaultServletName' property explicitly.
2021-04-27 16:27:10.167  INFO 217836 --- [main] o.s.s.concurrent.ThreadPoolTaskExecutor  : Shutting down ExecutorService 'secondaryThreadPool'
2021-04-27 16:27:10.169  INFO 217836 --- [main] o.s.s.concurrent.ThreadPoolTaskExecutor  : Shutting down ExecutorService 'primaryThreadPool'
2021-04-27 16:27:10.205  INFO 217836 --- [main] o.apache.catalina.core.StandardService   : Stopping service [Tomcat]
2021-04-27 16:27:10.251  INFO 217836 --- [main] ConditionEvaluationReportLoggingListener : 

Error starting ApplicationContext. To display the conditions report re-run your application with 'debug' enabled.
2021-04-27 16:27:10.289 ERROR 217836 --- [main] o.s.boot.SpringApplication               : Application run failed

org.springframework.beans.factory.BeanCreationException: Error creating bean with name 'defaultServletHandlerMapping' defined in class path resource [org/springframework/boot/autoconfigure/web/servlet/WebMvcAutoConfiguration$EnableWebMvcConfiguration.class]: Bean instantiation via factory method failed; nested exception is org.springframework.beans.BeanInstantiationException: Failed to instantiate [org.springframework.web.servlet.HandlerMapping]: Factory method 'defaultServletHandlerMapping' threw exception; nested exception is java.lang.IllegalStateException: Unable to locate the default servlet for serving static content. Please set the 'defaultServletName' property explicitly.
	at org.springframework.beans.factory.support.ConstructorResolver.instantiate(ConstructorResolver.java:658)
	at org.springframework.beans.factory.support.ConstructorResolver.instantiateUsingFactoryMethod(ConstructorResolver.java:486)
	at org.springframework.beans.factory.support.AbstractAutowireCapableBeanFactory.instantiateUsingFactoryMethod(AbstractAutowireCapableBeanFactory.java:1334)
	at org.springframework.beans.factory.support.AbstractAutowireCapableBeanFactory.createBeanInstance(AbstractAutowireCapableBeanFactory.java:1177)
	at org.springframework.beans.factory.support.AbstractAutowireCapableBeanFactory.doCreateBean(AbstractAutowireCapableBeanFactory.java:564)
	at org.springframework.beans.factory.support.AbstractAutowireCapableBeanFactory.createBean(AbstractAutowireCapableBeanFactory.java:524)
	at org.springframework.beans.factory.support.AbstractBeanFactory.lambda$doGetBean$0(AbstractBeanFactory.java:335)
	at org.springframework.beans.factory.support.DefaultSingletonBeanRegistry.getSingleton(DefaultSingletonBeanRegistry.java:234)
	at org.springframework.beans.factory.support.AbstractBeanFactory.doGetBean(AbstractBeanFactory.java:333)
	at org.springframework.beans.factory.support.AbstractBeanFactory.getBean(AbstractBeanFactory.java:208)
	at org.springframework.beans.factory.support.DefaultListableBeanFactory.preInstantiateSingletons(DefaultListableBeanFactory.java:944)
	at org.springframework.context.support.AbstractApplicationContext.finishBeanFactoryInitialization(AbstractApplicationContext.java:917)
	at org.springframework.context.support.AbstractApplicationContext.refresh(AbstractApplicationContext.java:582)
	at org.springframework.boot.web.servlet.context.ServletWebServerApplicationContext.refresh(ServletWebServerApplicationContext.java:144)
	at org.springframework.boot.SpringApplication.refresh(SpringApplication.java:767)
	at org.springframework.boot.SpringApplication.refresh(SpringApplication.java:759)
	at org.springframework.boot.SpringApplication.refreshContext(SpringApplication.java:426)
	at org.springframework.boot.SpringApplication.run(SpringApplication.java:326)
	at org.springframework.boot.SpringApplication.run(SpringApplication.java:1311)
	at org.springframework.boot.SpringApplication.run(SpringApplication.java:1300)
	at LegendsBaseStarterApplication.main(LegendsBaseStarterApplication.java:12)
Caused by: org.springframework.beans.BeanInstantiationException: Failed to instantiate [org.springframework.web.servlet.HandlerMapping]: Factory method 'defaultServletHandlerMapping' threw exception; nested exception is java.lang.IllegalStateException: Unable to locate the default servlet for serving static content. Please set the 'defaultServletName' property explicitly.
	at org.springframework.beans.factory.support.SimpleInstantiationStrategy.instantiate(SimpleInstantiationStrategy.java:185)
	at org.springframework.beans.factory.support.ConstructorResolver.instantiate(ConstructorResolver.java:653)
	... 20 common frames omitted
Caused by: java.lang.IllegalStateException: Unable to locate the default servlet for serving static content. Please set the 'defaultServletName' property explicitly.
	at org.springframework.web.servlet.resource.DefaultServletHttpRequestHandler.setServletContext(DefaultServletHttpRequestHandler.java:111)
	at org.springframework.web.servlet.config.annotation.DefaultServletHandlerConfigurer.enable(DefaultServletHandlerConfigurer.java:85)
	at org.springframework.web.servlet.config.annotation.DefaultServletHandlerConfigurer.enable(DefaultServletHandlerConfigurer.java:71)
	at WebConfig.configureDefaultServletHandling(WebConfig.java:41)
	at org.springframework.web.servlet.config.annotation.WebMvcConfigurerComposite.configureDefaultServletHandling(WebMvcConfigurerComposite.java:74)
	at org.springframework.web.servlet.config.annotation.DelegatingWebMvcConfiguration.configureDefaultServletHandling(DelegatingWebMvcConfiguration.java:73)
	at org.springframework.web.servlet.config.annotation.WebMvcConfigurationSupport.defaultServletHandlerMapping(WebMvcConfigurationSupport.java:640)
	at sun.reflect.NativeMethodAccessorImpl.invoke0(Native Method)
	at sun.reflect.NativeMethodAccessorImpl.invoke(NativeMethodAccessorImpl.java:62)
	at sun.reflect.DelegatingMethodAccessorImpl.invoke(DelegatingMethodAccessorImpl.java:43)
	at java.lang.reflect.Method.invoke(Method.java:498)
	at org.springframework.beans.factory.support.SimpleInstantiationStrategy.instantiate(SimpleInstantiationStrategy.java:154)
	... 21 common frames omitted

2021-04-27 16:35:18.228  INFO 180124 --- [main] c.l.c.web.LegendsBaseStarterApplication  : Starting LegendsBaseStarterApplication using Java 1.8.0_211 on SUNLINE24-PC with PID 180124 (D:\open_source\spring-cloud-legends\spring-cloud-legends-starters\target\classes started by sunline24 in D:\open_source\spring-cloud-legends)
2021-04-27 16:35:18.265  INFO 180124 --- [main] c.l.c.web.LegendsBaseStarterApplication  : The following profiles are active: dev
2021-04-27 16:35:23.757  INFO 180124 --- [main] o.s.cloud.context.scope.GenericScope     : BeanFactory id=a1ce0dbe-3015-371b-924e-4ae12f41a989
2021-04-27 16:35:26.570  INFO 180124 --- [main] o.s.b.w.embedded.tomcat.TomcatWebServer  : Tomcat initialized with port(s): 8888 (http)
2021-04-27 16:35:26.610  INFO 180124 --- [main] o.apache.catalina.core.StandardService   : Starting service [Tomcat]
2021-04-27 16:35:26.611  INFO 180124 --- [main] org.apache.catalina.core.StandardEngine  : Starting Servlet engine: [Apache Tomcat/9.0.43]
2021-04-27 16:35:27.156  INFO 180124 --- [main] o.a.c.c.C.[Tomcat].[localhost].[/]       : Initializing Spring embedded WebApplicationContext
2021-04-27 16:35:27.157  INFO 180124 --- [main] w.s.c.ServletWebServerApplicationContext : Root WebApplicationContext: initialization completed in 8764 ms
2021-04-27 16:35:28.822  INFO 180124 --- [main] o.s.b.a.e.web.ServletEndpointRegistrar   : Registered '/actuator/jolokia' to jolokia-actuator-endpoint
2021-04-27 16:35:31.177  INFO 180124 --- [main] o.s.s.concurrent.ThreadPoolTaskExecutor  : Initializing ExecutorService
2021-04-27 16:35:31.179  INFO 180124 --- [main] o.s.s.concurrent.ThreadPoolTaskExecutor  : Initializing ExecutorService 'primaryThreadPool'
2021-04-27 16:35:32.825  INFO 180124 --- [main] o.s.b.a.e.web.EndpointLinksResolver      : Exposing 17 endpoint(s) beneath base path '/actuator'
2021-04-27 16:35:33.371  INFO 180124 --- [main] o.s.s.concurrent.ThreadPoolTaskExecutor  : Initializing ExecutorService
2021-04-27 16:35:33.372  INFO 180124 --- [main] o.s.s.concurrent.ThreadPoolTaskExecutor  : Initializing ExecutorService 'secondaryThreadPool'
2021-04-27 16:35:34.131  WARN 180124 --- [main] ConfigServletWebServerApplicationContext : Exception encountered during context initialization - cancelling refresh attempt: org.springframework.beans.factory.BeanCreationException: Error creating bean with name 'defaultServletHandlerMapping' defined in class path resource [org/springframework/boot/autoconfigure/web/servlet/WebMvcAutoConfiguration$EnableWebMvcConfiguration.class]: Bean instantiation via factory method failed; nested exception is org.springframework.beans.BeanInstantiationException: Failed to instantiate [org.springframework.web.servlet.HandlerMapping]: Factory method 'defaultServletHandlerMapping' threw exception; nested exception is java.lang.IllegalStateException: Unable to locate the default servlet for serving static content. Please set the 'defaultServletName' property explicitly.
2021-04-27 16:35:34.136  INFO 180124 --- [main] o.s.s.concurrent.ThreadPoolTaskExecutor  : Shutting down ExecutorService 'secondaryThreadPool'
2021-04-27 16:35:34.139  INFO 180124 --- [main] o.s.s.concurrent.ThreadPoolTaskExecutor  : Shutting down ExecutorService 'primaryThreadPool'
2021-04-27 16:35:34.153  INFO 180124 --- [main] o.apache.catalina.core.StandardService   : Stopping service [Tomcat]
2021-04-27 16:35:34.182  INFO 180124 --- [main] ConditionEvaluationReportLoggingListener : 

Error starting ApplicationContext. To display the conditions report re-run your application with 'debug' enabled.
2021-04-27 16:35:34.220 ERROR 180124 --- [main] o.s.boot.SpringApplication               : Application run failed

org.springframework.beans.factory.BeanCreationException: Error creating bean with name 'defaultServletHandlerMapping' defined in class path resource [org/springframework/boot/autoconfigure/web/servlet/WebMvcAutoConfiguration$EnableWebMvcConfiguration.class]: Bean instantiation via factory method failed; nested exception is org.springframework.beans.BeanInstantiationException: Failed to instantiate [org.springframework.web.servlet.HandlerMapping]: Factory method 'defaultServletHandlerMapping' threw exception; nested exception is java.lang.IllegalStateException: Unable to locate the default servlet for serving static content. Please set the 'defaultServletName' property explicitly.
	at org.springframework.beans.factory.support.ConstructorResolver.instantiate(ConstructorResolver.java:658)
	at org.springframework.beans.factory.support.ConstructorResolver.instantiateUsingFactoryMethod(ConstructorResolver.java:486)
	at org.springframework.beans.factory.support.AbstractAutowireCapableBeanFactory.instantiateUsingFactoryMethod(AbstractAutowireCapableBeanFactory.java:1334)
	at org.springframework.beans.factory.support.AbstractAutowireCapableBeanFactory.createBeanInstance(AbstractAutowireCapableBeanFactory.java:1177)
	at org.springframework.beans.factory.support.AbstractAutowireCapableBeanFactory.doCreateBean(AbstractAutowireCapableBeanFactory.java:564)
	at org.springframework.beans.factory.support.AbstractAutowireCapableBeanFactory.createBean(AbstractAutowireCapableBeanFactory.java:524)
	at org.springframework.beans.factory.support.AbstractBeanFactory.lambda$doGetBean$0(AbstractBeanFactory.java:335)
	at org.springframework.beans.factory.support.DefaultSingletonBeanRegistry.getSingleton(DefaultSingletonBeanRegistry.java:234)
	at org.springframework.beans.factory.support.AbstractBeanFactory.doGetBean(AbstractBeanFactory.java:333)
	at org.springframework.beans.factory.support.AbstractBeanFactory.getBean(AbstractBeanFactory.java:208)
	at org.springframework.beans.factory.support.DefaultListableBeanFactory.preInstantiateSingletons(DefaultListableBeanFactory.java:944)
	at org.springframework.context.support.AbstractApplicationContext.finishBeanFactoryInitialization(AbstractApplicationContext.java:917)
	at org.springframework.context.support.AbstractApplicationContext.refresh(AbstractApplicationContext.java:582)
	at org.springframework.boot.web.servlet.context.ServletWebServerApplicationContext.refresh(ServletWebServerApplicationContext.java:144)
	at org.springframework.boot.SpringApplication.refresh(SpringApplication.java:767)
	at org.springframework.boot.SpringApplication.refresh(SpringApplication.java:759)
	at org.springframework.boot.SpringApplication.refreshContext(SpringApplication.java:426)
	at org.springframework.boot.SpringApplication.run(SpringApplication.java:326)
	at org.springframework.boot.SpringApplication.run(SpringApplication.java:1311)
	at org.springframework.boot.SpringApplication.run(SpringApplication.java:1300)
	at LegendsBaseStarterApplication.main(LegendsBaseStarterApplication.java:12)
Caused by: org.springframework.beans.BeanInstantiationException: Failed to instantiate [org.springframework.web.servlet.HandlerMapping]: Factory method 'defaultServletHandlerMapping' threw exception; nested exception is java.lang.IllegalStateException: Unable to locate the default servlet for serving static content. Please set the 'defaultServletName' property explicitly.
	at org.springframework.beans.factory.support.SimpleInstantiationStrategy.instantiate(SimpleInstantiationStrategy.java:185)
	at org.springframework.beans.factory.support.ConstructorResolver.instantiate(ConstructorResolver.java:653)
	... 20 common frames omitted
Caused by: java.lang.IllegalStateException: Unable to locate the default servlet for serving static content. Please set the 'defaultServletName' property explicitly.
	at org.springframework.web.servlet.resource.DefaultServletHttpRequestHandler.setServletContext(DefaultServletHttpRequestHandler.java:111)
	at org.springframework.web.servlet.config.annotation.DefaultServletHandlerConfigurer.enable(DefaultServletHandlerConfigurer.java:85)
	at org.springframework.web.servlet.config.annotation.DefaultServletHandlerConfigurer.enable(DefaultServletHandlerConfigurer.java:71)
	at WebConfig.configureDefaultServletHandling(WebConfig.java:41)
	at org.springframework.web.servlet.config.annotation.WebMvcConfigurerComposite.configureDefaultServletHandling(WebMvcConfigurerComposite.java:74)
	at org.springframework.web.servlet.config.annotation.DelegatingWebMvcConfiguration.configureDefaultServletHandling(DelegatingWebMvcConfiguration.java:73)
	at org.springframework.web.servlet.config.annotation.WebMvcConfigurationSupport.defaultServletHandlerMapping(WebMvcConfigurationSupport.java:640)
	at sun.reflect.NativeMethodAccessorImpl.invoke0(Native Method)
	at sun.reflect.NativeMethodAccessorImpl.invoke(NativeMethodAccessorImpl.java:62)
	at sun.reflect.DelegatingMethodAccessorImpl.invoke(DelegatingMethodAccessorImpl.java:43)
	at java.lang.reflect.Method.invoke(Method.java:498)
	at org.springframework.beans.factory.support.SimpleInstantiationStrategy.instantiate(SimpleInstantiationStrategy.java:154)
	... 21 common frames omitted

2021-04-27 16:36:22.312  INFO 205752 --- [main] c.l.c.web.LegendsBaseStarterApplication  : Starting LegendsBaseStarterApplication using Java 1.8.0_211 on SUNLINE24-PC with PID 205752 (D:\open_source\spring-cloud-legends\spring-cloud-legends-starters\target\classes started by sunline24 in D:\open_source\spring-cloud-legends)
2021-04-27 16:36:22.322  INFO 205752 --- [main] c.l.c.web.LegendsBaseStarterApplication  : The following profiles are active: dev
2021-04-27 16:36:26.999  INFO 205752 --- [main] o.s.cloud.context.scope.GenericScope     : BeanFactory id=a1ce0dbe-3015-371b-924e-4ae12f41a989
2021-04-27 16:36:28.930  INFO 205752 --- [main] o.s.b.w.embedded.tomcat.TomcatWebServer  : Tomcat initialized with port(s): 8888 (http)
2021-04-27 16:36:28.951  INFO 205752 --- [main] o.apache.catalina.core.StandardService   : Starting service [Tomcat]
2021-04-27 16:36:28.952  INFO 205752 --- [main] org.apache.catalina.core.StandardEngine  : Starting Servlet engine: [Apache Tomcat/9.0.43]
2021-04-27 16:36:29.451  INFO 205752 --- [main] o.a.c.c.C.[Tomcat].[localhost].[/]       : Initializing Spring embedded WebApplicationContext
2021-04-27 16:36:29.452  INFO 205752 --- [main] w.s.c.ServletWebServerApplicationContext : Root WebApplicationContext: initialization completed in 6926 ms
2021-04-27 16:36:30.691  INFO 205752 --- [main] o.s.b.a.e.web.ServletEndpointRegistrar   : Registered '/actuator/jolokia' to jolokia-actuator-endpoint
2021-04-27 16:36:32.806  INFO 205752 --- [main] o.s.s.concurrent.ThreadPoolTaskExecutor  : Initializing ExecutorService
2021-04-27 16:36:32.812  INFO 205752 --- [main] o.s.s.concurrent.ThreadPoolTaskExecutor  : Initializing ExecutorService 'primaryThreadPool'
2021-04-27 16:36:34.638  INFO 205752 --- [main] o.s.b.a.e.web.EndpointLinksResolver      : Exposing 17 endpoint(s) beneath base path '/actuator'
2021-04-27 16:36:35.589  INFO 205752 --- [main] o.s.s.concurrent.ThreadPoolTaskExecutor  : Initializing ExecutorService
2021-04-27 16:36:35.595  INFO 205752 --- [main] o.s.s.concurrent.ThreadPoolTaskExecutor  : Initializing ExecutorService 'secondaryThreadPool'
2021-04-27 16:36:37.897  INFO 205752 --- [main] pertySourcedRequestMappingHandlerMapping : Mapped URL path [/v2/api-docs] onto method [springfox.documentation.swagger2.web.Swagger2Controller#getDocumentation(String, HttpServletRequest)]
2021-04-27 16:36:40.264  INFO 205752 --- [main] o.s.b.w.embedded.tomcat.TomcatWebServer  : Tomcat started on port(s): 8888 (http) with context path ''
2021-04-27 16:36:41.521  INFO 205752 --- [main] d.s.w.p.DocumentationPluginsBootstrapper : Context refreshed
2021-04-27 16:36:41.574  INFO 205752 --- [main] d.s.w.p.DocumentationPluginsBootstrapper : Found 2 custom documentation plugin(s)
2021-04-27 16:36:41.652  INFO 205752 --- [main] s.d.s.w.s.ApiListingReferenceScanner     : Scanning for api listing references
2021-04-27 16:36:42.057  INFO 205752 --- [main] .d.s.w.r.o.CachingOperationNameGenerator : Generating unique operation named: handleUsingGET_1
2021-04-27 16:36:42.064  INFO 205752 --- [main] .d.s.w.r.o.CachingOperationNameGenerator : Generating unique operation named: handleUsingGET_2
2021-04-27 16:36:42.067  INFO 205752 --- [main] .d.s.w.r.o.CachingOperationNameGenerator : Generating unique operation named: handleUsingDELETE_1
2021-04-27 16:36:42.073  INFO 205752 --- [main] .d.s.w.r.o.CachingOperationNameGenerator : Generating unique operation named: handleUsingGET_3
2021-04-27 16:36:42.087  INFO 205752 --- [main] .d.s.w.r.o.CachingOperationNameGenerator : Generating unique operation named: handleUsingGET_4
2021-04-27 16:36:42.098  INFO 205752 --- [main] .d.s.w.r.o.CachingOperationNameGenerator : Generating unique operation named: handleUsingGET_5
2021-04-27 16:36:42.115  INFO 205752 --- [main] .d.s.w.r.o.CachingOperationNameGenerator : Generating unique operation named: handleUsingGET_6
2021-04-27 16:36:42.123  INFO 205752 --- [main] .d.s.w.r.o.CachingOperationNameGenerator : Generating unique operation named: handleUsingGET_7
2021-04-27 16:36:42.155  INFO 205752 --- [main] .d.s.w.r.o.CachingOperationNameGenerator : Generating unique operation named: handleUsingGET_8
2021-04-27 16:36:42.161  INFO 205752 --- [main] .d.s.w.r.o.CachingOperationNameGenerator : Generating unique operation named: handleUsingGET_9
2021-04-27 16:36:42.166  INFO 205752 --- [main] .d.s.w.r.o.CachingOperationNameGenerator : Generating unique operation named: handleUsingGET_10
2021-04-27 16:36:42.171  INFO 205752 --- [main] .d.s.w.r.o.CachingOperationNameGenerator : Generating unique operation named: handleUsingGET_11
2021-04-27 16:36:42.176  INFO 205752 --- [main] .d.s.w.r.o.CachingOperationNameGenerator : Generating unique operation named: handleUsingGET_12
2021-04-27 16:36:42.192  INFO 205752 --- [main] .d.s.w.r.o.CachingOperationNameGenerator : Generating unique operation named: handleUsingGET_13
2021-04-27 16:36:42.200  INFO 205752 --- [main] .d.s.w.r.o.CachingOperationNameGenerator : Generating unique operation named: handleUsingGET_14
2021-04-27 16:36:42.205  INFO 205752 --- [main] .d.s.w.r.o.CachingOperationNameGenerator : Generating unique operation named: handleUsingGET_15
2021-04-27 16:36:42.209  INFO 205752 --- [main] .d.s.w.r.o.CachingOperationNameGenerator : Generating unique operation named: handleUsingGET_16
2021-04-27 16:36:42.211  INFO 205752 --- [main] .d.s.w.r.o.CachingOperationNameGenerator : Generating unique operation named: handleUsingGET_17
2021-04-27 16:36:42.213  INFO 205752 --- [main] .d.s.w.r.o.CachingOperationNameGenerator : Generating unique operation named: handleUsingPOST_1
2021-04-27 16:36:42.215  INFO 205752 --- [main] .d.s.w.r.o.CachingOperationNameGenerator : Generating unique operation named: handleUsingGET_18
2021-04-27 16:36:42.220  INFO 205752 --- [main] .d.s.w.r.o.CachingOperationNameGenerator : Generating unique operation named: handleUsingGET_19
2021-04-27 16:36:42.270  INFO 205752 --- [main] s.d.s.w.s.ApiListingReferenceScanner     : Scanning for api listing references
2021-04-27 16:36:42.281  INFO 205752 --- [main] .d.s.w.r.o.CachingOperationNameGenerator : Generating unique operation named: getTimeUsingGET_1
2021-04-27 16:36:42.292  INFO 205752 --- [main] .d.s.w.r.o.CachingOperationNameGenerator : Generating unique operation named: getTimeUsingPOST_1
2021-04-27 16:36:42.296  INFO 205752 --- [main] .d.s.w.r.o.CachingOperationNameGenerator : Generating unique operation named: errorUsingGET_1
2021-04-27 16:36:42.296  INFO 205752 --- [main] .d.s.w.r.o.CachingOperationNameGenerator : Generating unique operation named: errorUsingHEAD_1
2021-04-27 16:36:42.302  INFO 205752 --- [main] .d.s.w.r.o.CachingOperationNameGenerator : Generating unique operation named: errorUsingPOST_1
2021-04-27 16:36:42.304  INFO 205752 --- [main] .d.s.w.r.o.CachingOperationNameGenerator : Generating unique operation named: errorUsingPUT_1
2021-04-27 16:36:42.322  INFO 205752 --- [main] .d.s.w.r.o.CachingOperationNameGenerator : Generating unique operation named: errorUsingPATCH_1
2021-04-27 16:36:42.332  INFO 205752 --- [main] .d.s.w.r.o.CachingOperationNameGenerator : Generating unique operation named: errorUsingDELETE_1
2021-04-27 16:36:42.354  INFO 205752 --- [main] .d.s.w.r.o.CachingOperationNameGenerator : Generating unique operation named: errorUsingOPTIONS_1
2021-04-27 16:36:42.355  INFO 205752 --- [main] .d.s.w.r.o.CachingOperationNameGenerator : Generating unique operation named: errorUsingTRACE_1
2021-04-27 16:36:42.426  INFO 205752 --- [main] c.l.c.web.LegendsBaseStarterApplication  : Started LegendsBaseStarterApplication in 23.452 seconds (JVM running for 25.618)
2021-04-27 16:37:07.191  INFO 205752 --- [http-nio-8888-exec-10] o.a.c.c.C.[Tomcat].[localhost].[/]       : Initializing Spring DispatcherServlet 'dispatcherServlet'
2021-04-27 16:37:07.196  INFO 205752 --- [http-nio-8888-exec-10] o.s.web.servlet.DispatcherServlet        : Initializing Servlet 'dispatcherServlet'
2021-04-27 16:37:07.201  INFO 205752 --- [http-nio-8888-exec-10] o.s.web.servlet.DispatcherServlet        : Completed initialization in 3 ms
2021-04-27 16:37:08.986  INFO 205752 --- [http-nio-8888-exec-8] c.l.cloud.web.aspect.ControllerAspect    : 《《===== RequestURI：/swagger-resources,方法：swaggerResources(未定义接口) =====》》
2021-04-27 16:37:08.989  INFO 205752 --- [http-nio-8888-exec-8] c.l.cloud.web.aspect.ControllerAspect    : 请求参数：该方法没有参数
2021-04-27 16:37:09.244  INFO 205752 --- [http-nio-8888-exec-8] c.l.cloud.web.aspect.ControllerAspect    : 响应信息：{"body":[{"location":"/v2/api-docs","name":"default","swaggerVersion":"2.0","url":"/v2/api-docs"},{"location":"/v2/api-docs?group=示例API","name":"示例API","swaggerVersion":"2.0","url":"/v2/api-docs?group=示例API"}],"headers":{},"statusCode":"OK","statusCodeValue":200}
2021-04-27 16:41:38.391  INFO 205752 --- [SpringContextShutdownHook] o.s.s.concurrent.ThreadPoolTaskExecutor  : Shutting down ExecutorService 'secondaryThreadPool'
2021-04-27 16:41:38.409  INFO 205752 --- [SpringContextShutdownHook] o.s.s.concurrent.ThreadPoolTaskExecutor  : Shutting down ExecutorService 'primaryThreadPool'
2021-04-27 16:42:16.325  INFO 218228 --- [main] c.l.c.web.LegendsBaseStarterApplication  : Starting LegendsBaseStarterApplication using Java 1.8.0_211 on SUNLINE24-PC with PID 218228 (D:\open_source\spring-cloud-legends\spring-cloud-legends-starters\target\classes started by sunline24 in D:\open_source\spring-cloud-legends)
2021-04-27 16:42:16.340  INFO 218228 --- [main] c.l.c.web.LegendsBaseStarterApplication  : The following profiles are active: dev
2021-04-27 16:42:22.834  INFO 218228 --- [main] o.s.cloud.context.scope.GenericScope     : BeanFactory id=a1ce0dbe-3015-371b-924e-4ae12f41a989
2021-04-27 16:42:25.896  INFO 218228 --- [main] o.s.b.w.embedded.tomcat.TomcatWebServer  : Tomcat initialized with port(s): 8888 (http)
2021-04-27 16:42:25.919  INFO 218228 --- [main] o.apache.catalina.core.StandardService   : Starting service [Tomcat]
2021-04-27 16:42:25.920  INFO 218228 --- [main] org.apache.catalina.core.StandardEngine  : Starting Servlet engine: [Apache Tomcat/9.0.43]
2021-04-27 16:42:26.371  INFO 218228 --- [main] o.a.c.c.C.[Tomcat].[localhost].[/]       : Initializing Spring embedded WebApplicationContext
2021-04-27 16:42:26.372  INFO 218228 --- [main] w.s.c.ServletWebServerApplicationContext : Root WebApplicationContext: initialization completed in 9752 ms
2021-04-27 16:42:27.083  INFO 218228 --- [main] o.s.b.a.e.web.ServletEndpointRegistrar   : Registered '/actuator/jolokia' to jolokia-actuator-endpoint
2021-04-27 16:42:28.402  INFO 218228 --- [main] o.s.s.concurrent.ThreadPoolTaskExecutor  : Initializing ExecutorService
2021-04-27 16:42:28.404  INFO 218228 --- [main] o.s.s.concurrent.ThreadPoolTaskExecutor  : Initializing ExecutorService 'primaryThreadPool'
2021-04-27 16:42:30.050  INFO 218228 --- [main] o.s.b.a.e.web.EndpointLinksResolver      : Exposing 17 endpoint(s) beneath base path '/actuator'
2021-04-27 16:42:30.663  INFO 218228 --- [main] o.s.s.concurrent.ThreadPoolTaskExecutor  : Initializing ExecutorService
2021-04-27 16:42:30.664  INFO 218228 --- [main] o.s.s.concurrent.ThreadPoolTaskExecutor  : Initializing ExecutorService 'secondaryThreadPool'
2021-04-27 16:42:33.285  INFO 218228 --- [main] pertySourcedRequestMappingHandlerMapping : Mapped URL path [/v2/api-docs] onto method [springfox.documentation.swagger2.web.Swagger2Controller#getDocumentation(String, HttpServletRequest)]
2021-04-27 16:42:36.261  INFO 218228 --- [main] o.s.b.w.embedded.tomcat.TomcatWebServer  : Tomcat started on port(s): 8888 (http) with context path ''
2021-04-27 16:42:36.790  INFO 218228 --- [main] d.s.w.p.DocumentationPluginsBootstrapper : Context refreshed
2021-04-27 16:42:36.869  INFO 218228 --- [main] d.s.w.p.DocumentationPluginsBootstrapper : Found 2 custom documentation plugin(s)
2021-04-27 16:42:37.034  INFO 218228 --- [main] s.d.s.w.s.ApiListingReferenceScanner     : Scanning for api listing references
2021-04-27 16:42:37.714  INFO 218228 --- [main] .d.s.w.r.o.CachingOperationNameGenerator : Generating unique operation named: handleUsingGET_1
2021-04-27 16:42:37.730  INFO 218228 --- [main] .d.s.w.r.o.CachingOperationNameGenerator : Generating unique operation named: handleUsingDELETE_1
2021-04-27 16:42:37.745  INFO 218228 --- [main] .d.s.w.r.o.CachingOperationNameGenerator : Generating unique operation named: handleUsingGET_2
2021-04-27 16:42:37.753  INFO 218228 --- [main] .d.s.w.r.o.CachingOperationNameGenerator : Generating unique operation named: handleUsingGET_3
2021-04-27 16:42:37.762  INFO 218228 --- [main] .d.s.w.r.o.CachingOperationNameGenerator : Generating unique operation named: handleUsingGET_4
2021-04-27 16:42:37.774  INFO 218228 --- [main] .d.s.w.r.o.CachingOperationNameGenerator : Generating unique operation named: handleUsingGET_5
2021-04-27 16:42:37.779  INFO 218228 --- [main] .d.s.w.r.o.CachingOperationNameGenerator : Generating unique operation named: handleUsingGET_6
2021-04-27 16:42:37.784  INFO 218228 --- [main] .d.s.w.r.o.CachingOperationNameGenerator : Generating unique operation named: handleUsingGET_7
2021-04-27 16:42:37.792  INFO 218228 --- [main] .d.s.w.r.o.CachingOperationNameGenerator : Generating unique operation named: handleUsingGET_8
2021-04-27 16:42:37.799  INFO 218228 --- [main] .d.s.w.r.o.CachingOperationNameGenerator : Generating unique operation named: handleUsingGET_9
2021-04-27 16:42:37.800  INFO 218228 --- [main] .d.s.w.r.o.CachingOperationNameGenerator : Generating unique operation named: handleUsingGET_10
2021-04-27 16:42:37.803  INFO 218228 --- [main] .d.s.w.r.o.CachingOperationNameGenerator : Generating unique operation named: handleUsingGET_11
2021-04-27 16:42:37.806  INFO 218228 --- [main] .d.s.w.r.o.CachingOperationNameGenerator : Generating unique operation named: handleUsingGET_12
2021-04-27 16:42:37.836  INFO 218228 --- [main] .d.s.w.r.o.CachingOperationNameGenerator : Generating unique operation named: handleUsingGET_13
2021-04-27 16:42:37.839  INFO 218228 --- [main] .d.s.w.r.o.CachingOperationNameGenerator : Generating unique operation named: handleUsingGET_14
2021-04-27 16:42:37.847  INFO 218228 --- [main] .d.s.w.r.o.CachingOperationNameGenerator : Generating unique operation named: handleUsingGET_15
2021-04-27 16:42:37.850  INFO 218228 --- [main] .d.s.w.r.o.CachingOperationNameGenerator : Generating unique operation named: handleUsingGET_16
2021-04-27 16:42:37.853  INFO 218228 --- [main] .d.s.w.r.o.CachingOperationNameGenerator : Generating unique operation named: handleUsingGET_17
2021-04-27 16:42:37.855  INFO 218228 --- [main] .d.s.w.r.o.CachingOperationNameGenerator : Generating unique operation named: handleUsingPOST_1
2021-04-27 16:42:37.856  INFO 218228 --- [main] .d.s.w.r.o.CachingOperationNameGenerator : Generating unique operation named: handleUsingGET_18
2021-04-27 16:42:37.860  INFO 218228 --- [main] .d.s.w.r.o.CachingOperationNameGenerator : Generating unique operation named: handleUsingGET_19
2021-04-27 16:42:37.924  INFO 218228 --- [main] s.d.s.w.s.ApiListingReferenceScanner     : Scanning for api listing references
2021-04-27 16:42:37.931  INFO 218228 --- [main] .d.s.w.r.o.CachingOperationNameGenerator : Generating unique operation named: getTimeUsingGET_1
2021-04-27 16:42:37.943  INFO 218228 --- [main] .d.s.w.r.o.CachingOperationNameGenerator : Generating unique operation named: getTimeUsingPOST_1
2021-04-27 16:42:37.947  INFO 218228 --- [main] .d.s.w.r.o.CachingOperationNameGenerator : Generating unique operation named: errorUsingGET_1
2021-04-27 16:42:37.947  INFO 218228 --- [main] .d.s.w.r.o.CachingOperationNameGenerator : Generating unique operation named: errorUsingHEAD_1
2021-04-27 16:42:37.948  INFO 218228 --- [main] .d.s.w.r.o.CachingOperationNameGenerator : Generating unique operation named: errorUsingPOST_1
2021-04-27 16:42:37.950  INFO 218228 --- [main] .d.s.w.r.o.CachingOperationNameGenerator : Generating unique operation named: errorUsingPUT_1
2021-04-27 16:42:37.951  INFO 218228 --- [main] .d.s.w.r.o.CachingOperationNameGenerator : Generating unique operation named: errorUsingPATCH_1
2021-04-27 16:42:37.965  INFO 218228 --- [main] .d.s.w.r.o.CachingOperationNameGenerator : Generating unique operation named: errorUsingDELETE_1
2021-04-27 16:42:37.969  INFO 218228 --- [main] .d.s.w.r.o.CachingOperationNameGenerator : Generating unique operation named: errorUsingOPTIONS_1
2021-04-27 16:42:37.972  INFO 218228 --- [main] .d.s.w.r.o.CachingOperationNameGenerator : Generating unique operation named: errorUsingTRACE_1
2021-04-27 16:42:38.006  INFO 218228 --- [main] c.l.c.web.LegendsBaseStarterApplication  : Started LegendsBaseStarterApplication in 25.298 seconds (JVM running for 30.686)
2021-04-27 16:43:33.268  INFO 218228 --- [SpringContextShutdownHook] o.s.s.concurrent.ThreadPoolTaskExecutor  : Shutting down ExecutorService 'secondaryThreadPool'
2021-04-27 16:43:33.281  INFO 218228 --- [SpringContextShutdownHook] o.s.s.concurrent.ThreadPoolTaskExecutor  : Shutting down ExecutorService 'primaryThreadPool'
2021-04-27 16:43:48.341  INFO 218216 --- [main] c.l.c.web.LegendsBaseStarterApplication  : Starting LegendsBaseStarterApplication using Java 1.8.0_211 on SUNLINE24-PC with PID 218216 (D:\open_source\spring-cloud-legends\spring-cloud-legends-starters\target\classes started by sunline24 in D:\open_source\spring-cloud-legends)
2021-04-27 16:43:48.400  INFO 218216 --- [main] c.l.c.web.LegendsBaseStarterApplication  : The following profiles are active: dev
2021-04-27 16:43:53.259  INFO 218216 --- [main] o.s.cloud.context.scope.GenericScope     : BeanFactory id=a1ce0dbe-3015-371b-924e-4ae12f41a989
2021-04-27 16:43:57.758  INFO 218216 --- [main] o.s.b.w.embedded.tomcat.TomcatWebServer  : Tomcat initialized with port(s): 8888 (http)
2021-04-27 16:43:57.818  INFO 218216 --- [main] o.apache.catalina.core.StandardService   : Starting service [Tomcat]
2021-04-27 16:43:57.819  INFO 218216 --- [main] org.apache.catalina.core.StandardEngine  : Starting Servlet engine: [Apache Tomcat/9.0.43]
2021-04-27 16:43:58.360  INFO 218216 --- [main] o.a.c.c.C.[Tomcat].[localhost].[/]       : Initializing Spring embedded WebApplicationContext
2021-04-27 16:43:58.363  INFO 218216 --- [main] w.s.c.ServletWebServerApplicationContext : Root WebApplicationContext: initialization completed in 9630 ms
2021-04-27 16:43:59.804  INFO 218216 --- [main] o.s.b.a.e.web.ServletEndpointRegistrar   : Registered '/actuator/jolokia' to jolokia-actuator-endpoint
2021-04-27 16:44:02.108  INFO 218216 --- [main] o.s.s.concurrent.ThreadPoolTaskExecutor  : Initializing ExecutorService
2021-04-27 16:44:02.163  INFO 218216 --- [main] o.s.s.concurrent.ThreadPoolTaskExecutor  : Initializing ExecutorService 'primaryThreadPool'
2021-04-27 16:44:03.964  INFO 218216 --- [main] o.s.b.a.e.web.EndpointLinksResolver      : Exposing 17 endpoint(s) beneath base path '/actuator'
2021-04-27 16:44:04.538  INFO 218216 --- [main] o.s.s.concurrent.ThreadPoolTaskExecutor  : Initializing ExecutorService
2021-04-27 16:44:04.547  INFO 218216 --- [main] o.s.s.concurrent.ThreadPoolTaskExecutor  : Initializing ExecutorService 'secondaryThreadPool'
2021-04-27 16:44:07.640  INFO 218216 --- [main] pertySourcedRequestMappingHandlerMapping : Mapped URL path [/v2/api-docs] onto method [springfox.documentation.swagger2.web.Swagger2Controller#getDocumentation(String, HttpServletRequest)]
2021-04-27 16:44:09.353  INFO 218216 --- [main] o.s.b.w.embedded.tomcat.TomcatWebServer  : Tomcat started on port(s): 8888 (http) with context path ''
2021-04-27 16:44:10.017  INFO 218216 --- [main] d.s.w.p.DocumentationPluginsBootstrapper : Context refreshed
2021-04-27 16:44:10.070  INFO 218216 --- [main] d.s.w.p.DocumentationPluginsBootstrapper : Found 2 custom documentation plugin(s)
2021-04-27 16:44:10.216  INFO 218216 --- [main] s.d.s.w.s.ApiListingReferenceScanner     : Scanning for api listing references
2021-04-27 16:44:10.853  INFO 218216 --- [main] .d.s.w.r.o.CachingOperationNameGenerator : Generating unique operation named: handleUsingGET_1
2021-04-27 16:44:10.855  INFO 218216 --- [main] .d.s.w.r.o.CachingOperationNameGenerator : Generating unique operation named: handleUsingDELETE_1
2021-04-27 16:44:10.858  INFO 218216 --- [main] .d.s.w.r.o.CachingOperationNameGenerator : Generating unique operation named: handleUsingGET_2
2021-04-27 16:44:10.862  INFO 218216 --- [main] .d.s.w.r.o.CachingOperationNameGenerator : Generating unique operation named: handleUsingGET_3
2021-04-27 16:44:10.865  INFO 218216 --- [main] .d.s.w.r.o.CachingOperationNameGenerator : Generating unique operation named: handleUsingGET_4
2021-04-27 16:44:10.881  INFO 218216 --- [main] .d.s.w.r.o.CachingOperationNameGenerator : Generating unique operation named: handleUsingGET_5
2021-04-27 16:44:10.901  INFO 218216 --- [main] .d.s.w.r.o.CachingOperationNameGenerator : Generating unique operation named: handleUsingGET_6
2021-04-27 16:44:10.911  INFO 218216 --- [main] .d.s.w.r.o.CachingOperationNameGenerator : Generating unique operation named: handleUsingGET_7
2021-04-27 16:44:10.939  INFO 218216 --- [main] .d.s.w.r.o.CachingOperationNameGenerator : Generating unique operation named: handleUsingGET_8
2021-04-27 16:44:10.947  INFO 218216 --- [main] .d.s.w.r.o.CachingOperationNameGenerator : Generating unique operation named: handleUsingGET_9
2021-04-27 16:44:10.950  INFO 218216 --- [main] .d.s.w.r.o.CachingOperationNameGenerator : Generating unique operation named: handleUsingGET_10
2021-04-27 16:44:10.952  INFO 218216 --- [main] .d.s.w.r.o.CachingOperationNameGenerator : Generating unique operation named: handleUsingGET_11
2021-04-27 16:44:10.954  INFO 218216 --- [main] .d.s.w.r.o.CachingOperationNameGenerator : Generating unique operation named: handleUsingGET_12
2021-04-27 16:44:10.960  INFO 218216 --- [main] .d.s.w.r.o.CachingOperationNameGenerator : Generating unique operation named: handleUsingGET_13
2021-04-27 16:44:10.962  INFO 218216 --- [main] .d.s.w.r.o.CachingOperationNameGenerator : Generating unique operation named: handleUsingGET_14
2021-04-27 16:44:10.964  INFO 218216 --- [main] .d.s.w.r.o.CachingOperationNameGenerator : Generating unique operation named: handleUsingGET_15
2021-04-27 16:44:10.966  INFO 218216 --- [main] .d.s.w.r.o.CachingOperationNameGenerator : Generating unique operation named: handleUsingGET_16
2021-04-27 16:44:10.968  INFO 218216 --- [main] .d.s.w.r.o.CachingOperationNameGenerator : Generating unique operation named: handleUsingGET_17
2021-04-27 16:44:10.980  INFO 218216 --- [main] .d.s.w.r.o.CachingOperationNameGenerator : Generating unique operation named: handleUsingPOST_1
2021-04-27 16:44:10.986  INFO 218216 --- [main] .d.s.w.r.o.CachingOperationNameGenerator : Generating unique operation named: handleUsingGET_18
2021-04-27 16:44:10.989  INFO 218216 --- [main] .d.s.w.r.o.CachingOperationNameGenerator : Generating unique operation named: handleUsingGET_19
2021-04-27 16:44:11.015  INFO 218216 --- [main] s.d.s.w.s.ApiListingReferenceScanner     : Scanning for api listing references
2021-04-27 16:44:11.018  INFO 218216 --- [main] .d.s.w.r.o.CachingOperationNameGenerator : Generating unique operation named: getTimeUsingGET_1
2021-04-27 16:44:11.040  INFO 218216 --- [main] .d.s.w.r.o.CachingOperationNameGenerator : Generating unique operation named: getTimeUsingPOST_1
2021-04-27 16:44:11.042  INFO 218216 --- [main] .d.s.w.r.o.CachingOperationNameGenerator : Generating unique operation named: errorUsingGET_1
2021-04-27 16:44:11.042  INFO 218216 --- [main] .d.s.w.r.o.CachingOperationNameGenerator : Generating unique operation named: errorUsingHEAD_1
2021-04-27 16:44:11.043  INFO 218216 --- [main] .d.s.w.r.o.CachingOperationNameGenerator : Generating unique operation named: errorUsingPOST_1
2021-04-27 16:44:11.044  INFO 218216 --- [main] .d.s.w.r.o.CachingOperationNameGenerator : Generating unique operation named: errorUsingPUT_1
2021-04-27 16:44:11.052  INFO 218216 --- [main] .d.s.w.r.o.CachingOperationNameGenerator : Generating unique operation named: errorUsingPATCH_1
2021-04-27 16:44:11.054  INFO 218216 --- [main] .d.s.w.r.o.CachingOperationNameGenerator : Generating unique operation named: errorUsingDELETE_1
2021-04-27 16:44:11.058  INFO 218216 --- [main] .d.s.w.r.o.CachingOperationNameGenerator : Generating unique operation named: errorUsingOPTIONS_1
2021-04-27 16:44:11.063  INFO 218216 --- [main] .d.s.w.r.o.CachingOperationNameGenerator : Generating unique operation named: errorUsingTRACE_1
2021-04-27 16:44:11.137  INFO 218216 --- [main] c.l.c.web.LegendsBaseStarterApplication  : Started LegendsBaseStarterApplication in 26.919 seconds (JVM running for 30.212)
2021-04-27 17:08:01.563  INFO 218216 --- [http-nio-8888-exec-9] o.a.c.c.C.[Tomcat].[localhost].[/]       : Initializing Spring DispatcherServlet 'dispatcherServlet'
2021-04-27 17:08:01.570  INFO 218216 --- [http-nio-8888-exec-9] o.s.web.servlet.DispatcherServlet        : Initializing Servlet 'dispatcherServlet'
2021-04-27 17:08:01.630  INFO 218216 --- [http-nio-8888-exec-9] o.s.web.servlet.DispatcherServlet        : Completed initialization in 60 ms
2021-04-27 17:08:01.786  INFO 218216 --- [http-nio-8888-exec-9] c.l.cloud.web.aspect.ControllerAspect    : 《《===== RequestURI：/swagger-resources,方法：swaggerResources(未定义接口) =====》》
2021-04-27 17:08:01.787  INFO 218216 --- [http-nio-8888-exec-9] c.l.cloud.web.aspect.ControllerAspect    : 请求参数：该方法没有参数
2021-04-27 17:08:02.182  INFO 218216 --- [http-nio-8888-exec-9] c.l.cloud.web.aspect.ControllerAspect    : 响应信息：{"body":[{"location":"/v2/api-docs","name":"default","swaggerVersion":"2.0","url":"/v2/api-docs"},{"location":"/v2/api-docs?group=示例API","name":"示例API","swaggerVersion":"2.0","url":"/v2/api-docs?group=示例API"}],"headers":{},"statusCode":"OK","statusCodeValue":200}
2021-04-27 17:14:02.061  INFO 218216 --- [SpringContextShutdownHook] o.s.s.concurrent.ThreadPoolTaskExecutor  : Shutting down ExecutorService 'secondaryThreadPool'
2021-04-27 17:14:02.069  INFO 218216 --- [SpringContextShutdownHook] o.s.s.concurrent.ThreadPoolTaskExecutor  : Shutting down ExecutorService 'primaryThreadPool'
2021-04-27 17:14:18.125  INFO 208392 --- [main] c.l.c.web.LegendsBaseStarterApplication  : Starting LegendsBaseStarterApplication using Java 1.8.0_211 on SUNLINE24-PC with PID 208392 (D:\open_source\spring-cloud-legends\spring-cloud-legends-starters\target\classes started by sunline24 in D:\open_source\spring-cloud-legends)
2021-04-27 17:14:18.138  INFO 208392 --- [main] c.l.c.web.LegendsBaseStarterApplication  : The following profiles are active: dev
2021-04-27 17:14:22.653  INFO 208392 --- [main] o.s.cloud.context.scope.GenericScope     : BeanFactory id=47e06988-c1ef-3e2c-ba89-60ddc0d34491
2021-04-27 17:14:23.653  INFO 208392 --- [main] o.s.s.concurrent.ThreadPoolTaskExecutor  : Initializing ExecutorService
2021-04-27 17:14:23.655  INFO 208392 --- [main] o.s.s.concurrent.ThreadPoolTaskExecutor  : Initializing ExecutorService 'primaryThreadPool'
2021-04-27 17:14:25.622  INFO 208392 --- [main] o.s.b.w.embedded.tomcat.TomcatWebServer  : Tomcat initialized with port(s): 8888 (http)
2021-04-27 17:14:25.655  INFO 208392 --- [main] o.apache.catalina.core.StandardService   : Starting service [Tomcat]
2021-04-27 17:14:25.655  INFO 208392 --- [main] org.apache.catalina.core.StandardEngine  : Starting Servlet engine: [Apache Tomcat/9.0.43]
2021-04-27 17:14:26.116  INFO 208392 --- [main] o.a.c.c.C.[Tomcat].[localhost].[/]       : Initializing Spring embedded WebApplicationContext
2021-04-27 17:14:26.117  INFO 208392 --- [main] w.s.c.ServletWebServerApplicationContext : Root WebApplicationContext: initialization completed in 7849 ms
2021-04-27 17:14:26.963  INFO 208392 --- [main] o.s.b.a.e.web.ServletEndpointRegistrar   : Registered '/actuator/jolokia' to jolokia-actuator-endpoint
2021-04-27 17:14:29.782  INFO 208392 --- [main] o.s.b.a.e.web.EndpointLinksResolver      : Exposing 17 endpoint(s) beneath base path '/actuator'
2021-04-27 17:14:30.271  INFO 208392 --- [main] o.s.s.concurrent.ThreadPoolTaskExecutor  : Initializing ExecutorService
2021-04-27 17:14:30.382  INFO 208392 --- [main] o.s.s.concurrent.ThreadPoolTaskExecutor  : Initializing ExecutorService 'secondaryThreadPool'
2021-04-27 17:14:32.526  INFO 208392 --- [main] pertySourcedRequestMappingHandlerMapping : Mapped URL path [/v2/api-docs] onto method [springfox.documentation.swagger2.web.Swagger2Controller#getDocumentation(String, HttpServletRequest)]
2021-04-27 17:14:34.792  INFO 208392 --- [main] o.s.b.w.embedded.tomcat.TomcatWebServer  : Tomcat started on port(s): 8888 (http) with context path ''
2021-04-27 17:14:35.294  INFO 208392 --- [main] d.s.w.p.DocumentationPluginsBootstrapper : Context refreshed
2021-04-27 17:14:35.338  INFO 208392 --- [main] d.s.w.p.DocumentationPluginsBootstrapper : Found 2 custom documentation plugin(s)
2021-04-27 17:14:35.408  INFO 208392 --- [main] s.d.s.w.s.ApiListingReferenceScanner     : Scanning for api listing references
2021-04-27 17:14:35.764  INFO 208392 --- [main] .d.s.w.r.o.CachingOperationNameGenerator : Generating unique operation named: handleUsingGET_1
2021-04-27 17:14:35.771  INFO 208392 --- [main] .d.s.w.r.o.CachingOperationNameGenerator : Generating unique operation named: handleUsingDELETE_1
2021-04-27 17:14:35.773  INFO 208392 --- [main] .d.s.w.r.o.CachingOperationNameGenerator : Generating unique operation named: handleUsingGET_2
2021-04-27 17:14:35.775  INFO 208392 --- [main] .d.s.w.r.o.CachingOperationNameGenerator : Generating unique operation named: handleUsingGET_3
2021-04-27 17:14:35.778  INFO 208392 --- [main] .d.s.w.r.o.CachingOperationNameGenerator : Generating unique operation named: handleUsingGET_4
2021-04-27 17:14:35.780  INFO 208392 --- [main] .d.s.w.r.o.CachingOperationNameGenerator : Generating unique operation named: handleUsingGET_5
2021-04-27 17:14:35.782  INFO 208392 --- [main] .d.s.w.r.o.CachingOperationNameGenerator : Generating unique operation named: handleUsingGET_6
2021-04-27 17:14:35.784  INFO 208392 --- [main] .d.s.w.r.o.CachingOperationNameGenerator : Generating unique operation named: handleUsingGET_7
2021-04-27 17:14:35.787  INFO 208392 --- [main] .d.s.w.r.o.CachingOperationNameGenerator : Generating unique operation named: handleUsingGET_8
2021-04-27 17:14:35.793  INFO 208392 --- [main] .d.s.w.r.o.CachingOperationNameGenerator : Generating unique operation named: handleUsingGET_9
2021-04-27 17:14:35.796  INFO 208392 --- [main] .d.s.w.r.o.CachingOperationNameGenerator : Generating unique operation named: handleUsingGET_10
2021-04-27 17:14:35.798  INFO 208392 --- [main] .d.s.w.r.o.CachingOperationNameGenerator : Generating unique operation named: handleUsingGET_11
2021-04-27 17:14:35.804  INFO 208392 --- [main] .d.s.w.r.o.CachingOperationNameGenerator : Generating unique operation named: handleUsingGET_12
2021-04-27 17:14:35.808  INFO 208392 --- [main] .d.s.w.r.o.CachingOperationNameGenerator : Generating unique operation named: handleUsingGET_13
2021-04-27 17:14:35.810  INFO 208392 --- [main] .d.s.w.r.o.CachingOperationNameGenerator : Generating unique operation named: handleUsingGET_14
2021-04-27 17:14:35.812  INFO 208392 --- [main] .d.s.w.r.o.CachingOperationNameGenerator : Generating unique operation named: handleUsingGET_15
2021-04-27 17:14:35.815  INFO 208392 --- [main] .d.s.w.r.o.CachingOperationNameGenerator : Generating unique operation named: handleUsingGET_16
2021-04-27 17:14:35.817  INFO 208392 --- [main] .d.s.w.r.o.CachingOperationNameGenerator : Generating unique operation named: handleUsingGET_17
2021-04-27 17:14:35.819  INFO 208392 --- [main] .d.s.w.r.o.CachingOperationNameGenerator : Generating unique operation named: handleUsingPOST_1
2021-04-27 17:14:35.823  INFO 208392 --- [main] .d.s.w.r.o.CachingOperationNameGenerator : Generating unique operation named: handleUsingGET_18
2021-04-27 17:14:35.825  INFO 208392 --- [main] .d.s.w.r.o.CachingOperationNameGenerator : Generating unique operation named: handleUsingGET_19
2021-04-27 17:14:35.869  INFO 208392 --- [main] s.d.s.w.s.ApiListingReferenceScanner     : Scanning for api listing references
2021-04-27 17:14:35.872  INFO 208392 --- [main] .d.s.w.r.o.CachingOperationNameGenerator : Generating unique operation named: getTimeUsingGET_1
2021-04-27 17:14:35.884  INFO 208392 --- [main] .d.s.w.r.o.CachingOperationNameGenerator : Generating unique operation named: getTimeUsingPOST_1
2021-04-27 17:14:35.889  INFO 208392 --- [main] .d.s.w.r.o.CachingOperationNameGenerator : Generating unique operation named: errorUsingGET_1
2021-04-27 17:14:35.891  INFO 208392 --- [main] .d.s.w.r.o.CachingOperationNameGenerator : Generating unique operation named: errorUsingHEAD_1
2021-04-27 17:14:35.896  INFO 208392 --- [main] .d.s.w.r.o.CachingOperationNameGenerator : Generating unique operation named: errorUsingPOST_1
2021-04-27 17:14:35.897  INFO 208392 --- [main] .d.s.w.r.o.CachingOperationNameGenerator : Generating unique operation named: errorUsingPUT_1
2021-04-27 17:14:35.899  INFO 208392 --- [main] .d.s.w.r.o.CachingOperationNameGenerator : Generating unique operation named: errorUsingPATCH_1
2021-04-27 17:14:35.899  INFO 208392 --- [main] .d.s.w.r.o.CachingOperationNameGenerator : Generating unique operation named: errorUsingDELETE_1
2021-04-27 17:14:35.900  INFO 208392 --- [main] .d.s.w.r.o.CachingOperationNameGenerator : Generating unique operation named: errorUsingOPTIONS_1
2021-04-27 17:14:35.901  INFO 208392 --- [main] .d.s.w.r.o.CachingOperationNameGenerator : Generating unique operation named: errorUsingTRACE_1
2021-04-27 17:14:35.927  INFO 208392 --- [main] c.l.c.web.LegendsBaseStarterApplication  : Started LegendsBaseStarterApplication in 21.253 seconds (JVM running for 24.211)
2021-04-27 17:18:41.735  INFO 208392 --- [SpringContextShutdownHook] o.s.s.concurrent.ThreadPoolTaskExecutor  : Shutting down ExecutorService 'secondaryThreadPool'
2021-04-27 17:18:41.772  INFO 208392 --- [SpringContextShutdownHook] o.s.s.concurrent.ThreadPoolTaskExecutor  : Shutting down ExecutorService 'primaryThreadPool'
2021-04-27 17:19:04.816  INFO 218648 --- [main] c.l.c.web.LegendsBaseStarterApplication  : Starting LegendsBaseStarterApplication using Java 1.8.0_211 on SUNLINE24-PC with PID 218648 (D:\open_source\spring-cloud-legends\spring-cloud-legends-starters\target\classes started by sunline24 in D:\open_source\spring-cloud-legends)
2021-04-27 17:19:04.827  INFO 218648 --- [main] c.l.c.web.LegendsBaseStarterApplication  : The following profiles are active: dev
2021-04-27 17:19:10.439  INFO 218648 --- [main] o.s.cloud.context.scope.GenericScope     : BeanFactory id=47e06988-c1ef-3e2c-ba89-60ddc0d34491
2021-04-27 17:19:11.921  INFO 218648 --- [main] o.s.s.concurrent.ThreadPoolTaskExecutor  : Initializing ExecutorService
2021-04-27 17:19:11.923  INFO 218648 --- [main] o.s.s.concurrent.ThreadPoolTaskExecutor  : Initializing ExecutorService 'primaryThreadPool'
2021-04-27 17:19:17.536  INFO 218648 --- [main] o.s.b.w.embedded.tomcat.TomcatWebServer  : Tomcat initialized with port(s): 8888 (http)
2021-04-27 17:19:18.141  INFO 218648 --- [main] w.s.c.ServletWebServerApplicationContext : Root WebApplicationContext: initialization completed in 13160 ms
2021-04-27 17:19:18.949  INFO 218648 --- [main] o.s.b.a.e.web.ServletEndpointRegistrar   : Registered '/actuator/jolokia' to jolokia-actuator-endpoint
2021-04-27 17:19:23.284  INFO 218648 --- [main] o.s.b.a.e.web.EndpointLinksResolver      : Exposing 17 endpoint(s) beneath base path '/actuator'
2021-04-27 17:19:24.290  INFO 218648 --- [main] o.s.s.concurrent.ThreadPoolTaskExecutor  : Initializing ExecutorService
2021-04-27 17:19:24.291  INFO 218648 --- [main] o.s.s.concurrent.ThreadPoolTaskExecutor  : Initializing ExecutorService 'secondaryThreadPool'
2021-04-27 17:19:26.962  INFO 218648 --- [main] pertySourcedRequestMappingHandlerMapping : Mapped URL path [/v2/api-docs] onto method [springfox.documentation.swagger2.web.Swagger2Controller#getDocumentation(String, HttpServletRequest)]
2021-04-27 17:19:30.078  INFO 218648 --- [main] o.s.b.w.embedded.tomcat.TomcatWebServer  : Tomcat started on port(s): 8888 (http) with context path ''
2021-04-27 17:19:30.807  INFO 218648 --- [main] d.s.w.p.DocumentationPluginsBootstrapper : Context refreshed
2021-04-27 17:19:30.870  INFO 218648 --- [main] d.s.w.p.DocumentationPluginsBootstrapper : Found 2 custom documentation plugin(s)
2021-04-27 17:19:30.982  INFO 218648 --- [main] s.d.s.w.s.ApiListingReferenceScanner     : Scanning for api listing references
2021-04-27 17:19:31.713  INFO 218648 --- [main] .d.s.w.r.o.CachingOperationNameGenerator : Generating unique operation named: handleUsingGET_1
2021-04-27 17:19:31.734  INFO 218648 --- [main] .d.s.w.r.o.CachingOperationNameGenerator : Generating unique operation named: handleUsingDELETE_1
2021-04-27 17:19:31.737  INFO 218648 --- [main] .d.s.w.r.o.CachingOperationNameGenerator : Generating unique operation named: handleUsingGET_2
2021-04-27 17:19:31.741  INFO 218648 --- [main] .d.s.w.r.o.CachingOperationNameGenerator : Generating unique operation named: handleUsingGET_3
2021-04-27 17:19:31.744  INFO 218648 --- [main] .d.s.w.r.o.CachingOperationNameGenerator : Generating unique operation named: handleUsingGET_4
2021-04-27 17:19:31.746  INFO 218648 --- [main] .d.s.w.r.o.CachingOperationNameGenerator : Generating unique operation named: handleUsingGET_5
2021-04-27 17:19:31.749  INFO 218648 --- [main] .d.s.w.r.o.CachingOperationNameGenerator : Generating unique operation named: handleUsingGET_6
2021-04-27 17:19:31.764  INFO 218648 --- [main] .d.s.w.r.o.CachingOperationNameGenerator : Generating unique operation named: handleUsingGET_7
2021-04-27 17:19:31.779  INFO 218648 --- [main] .d.s.w.r.o.CachingOperationNameGenerator : Generating unique operation named: handleUsingGET_8
2021-04-27 17:19:31.781  INFO 218648 --- [main] .d.s.w.r.o.CachingOperationNameGenerator : Generating unique operation named: handleUsingGET_9
2021-04-27 17:19:31.789  INFO 218648 --- [main] .d.s.w.r.o.CachingOperationNameGenerator : Generating unique operation named: handleUsingGET_10
2021-04-27 17:19:31.791  INFO 218648 --- [main] .d.s.w.r.o.CachingOperationNameGenerator : Generating unique operation named: handleUsingGET_11
2021-04-27 17:19:31.796  INFO 218648 --- [main] .d.s.w.r.o.CachingOperationNameGenerator : Generating unique operation named: handleUsingGET_12
2021-04-27 17:19:31.825  INFO 218648 --- [main] .d.s.w.r.o.CachingOperationNameGenerator : Generating unique operation named: handleUsingGET_13
2021-04-27 17:19:31.840  INFO 218648 --- [main] .d.s.w.r.o.CachingOperationNameGenerator : Generating unique operation named: handleUsingGET_14
2021-04-27 17:19:31.843  INFO 218648 --- [main] .d.s.w.r.o.CachingOperationNameGenerator : Generating unique operation named: handleUsingGET_15
2021-04-27 17:19:31.845  INFO 218648 --- [main] .d.s.w.r.o.CachingOperationNameGenerator : Generating unique operation named: handleUsingGET_16
2021-04-27 17:19:31.848  INFO 218648 --- [main] .d.s.w.r.o.CachingOperationNameGenerator : Generating unique operation named: handleUsingGET_17
2021-04-27 17:19:31.850  INFO 218648 --- [main] .d.s.w.r.o.CachingOperationNameGenerator : Generating unique operation named: handleUsingPOST_1
2021-04-27 17:19:31.853  INFO 218648 --- [main] .d.s.w.r.o.CachingOperationNameGenerator : Generating unique operation named: handleUsingGET_18
2021-04-27 17:19:31.855  INFO 218648 --- [main] .d.s.w.r.o.CachingOperationNameGenerator : Generating unique operation named: handleUsingGET_19
2021-04-27 17:19:31.905  INFO 218648 --- [main] s.d.s.w.s.ApiListingReferenceScanner     : Scanning for api listing references
2021-04-27 17:19:31.912  INFO 218648 --- [main] .d.s.w.r.o.CachingOperationNameGenerator : Generating unique operation named: getTimeUsingGET_1
2021-04-27 17:19:31.928  INFO 218648 --- [main] .d.s.w.r.o.CachingOperationNameGenerator : Generating unique operation named: getTimeUsingPOST_1
2021-04-27 17:19:31.931  INFO 218648 --- [main] .d.s.w.r.o.CachingOperationNameGenerator : Generating unique operation named: errorUsingGET_1
2021-04-27 17:19:31.932  INFO 218648 --- [main] .d.s.w.r.o.CachingOperationNameGenerator : Generating unique operation named: errorUsingHEAD_1
2021-04-27 17:19:31.932  INFO 218648 --- [main] .d.s.w.r.o.CachingOperationNameGenerator : Generating unique operation named: errorUsingPOST_1
2021-04-27 17:19:31.933  INFO 218648 --- [main] .d.s.w.r.o.CachingOperationNameGenerator : Generating unique operation named: errorUsingPUT_1
2021-04-27 17:19:31.935  INFO 218648 --- [main] .d.s.w.r.o.CachingOperationNameGenerator : Generating unique operation named: errorUsingPATCH_1
2021-04-27 17:19:31.938  INFO 218648 --- [main] .d.s.w.r.o.CachingOperationNameGenerator : Generating unique operation named: errorUsingDELETE_1
2021-04-27 17:19:31.941  INFO 218648 --- [main] .d.s.w.r.o.CachingOperationNameGenerator : Generating unique operation named: errorUsingOPTIONS_1
2021-04-27 17:19:31.945  INFO 218648 --- [main] .d.s.w.r.o.CachingOperationNameGenerator : Generating unique operation named: errorUsingTRACE_1
2021-04-27 17:19:32.013  INFO 218648 --- [main] c.l.c.web.LegendsBaseStarterApplication  : Started LegendsBaseStarterApplication in 31.988 seconds (JVM running for 38.17)
2021-04-27 17:19:32.563  INFO 218648 --- [SpringContextShutdownHook] o.s.s.concurrent.ThreadPoolTaskExecutor  : Shutting down ExecutorService 'secondaryThreadPool'
2021-04-27 17:19:32.570  INFO 218648 --- [SpringContextShutdownHook] o.s.s.concurrent.ThreadPoolTaskExecutor  : Shutting down ExecutorService 'primaryThreadPool'
2021-04-27 17:21:56.047  INFO 220016 --- [main] c.l.c.web.LegendsBaseStarterApplication  : Starting LegendsBaseStarterApplication using Java 1.8.0_211 on SUNLINE24-PC with PID 220016 (D:\open_source\spring-cloud-legends\spring-cloud-legends-starters\target\classes started by sunline24 in D:\open_source\spring-cloud-legends)
2021-04-27 17:21:56.057  INFO 220016 --- [main] c.l.c.web.LegendsBaseStarterApplication  : The following profiles are active: dev
2021-04-27 17:22:01.063  INFO 220016 --- [main] o.s.cloud.context.scope.GenericScope     : BeanFactory id=47e06988-c1ef-3e2c-ba89-60ddc0d34491
2021-04-27 17:22:02.235  INFO 220016 --- [main] o.s.s.concurrent.ThreadPoolTaskExecutor  : Initializing ExecutorService
2021-04-27 17:22:02.242  INFO 220016 --- [main] o.s.s.concurrent.ThreadPoolTaskExecutor  : Initializing ExecutorService 'primaryThreadPool'
2021-04-27 17:22:04.037  INFO 220016 --- [main] o.s.b.w.embedded.tomcat.TomcatWebServer  : Tomcat initialized with port(s): 8888 (http)
2021-04-27 17:22:04.093  INFO 220016 --- [main] o.apache.catalina.core.StandardService   : Starting service [Tomcat]
2021-04-27 17:22:04.094  INFO 220016 --- [main] org.apache.catalina.core.StandardEngine  : Starting Servlet engine: [Apache Tomcat/9.0.43]
2021-04-27 17:22:04.918  INFO 220016 --- [main] o.a.c.c.C.[Tomcat].[localhost].[/]       : Initializing Spring embedded WebApplicationContext
2021-04-27 17:22:04.919  INFO 220016 --- [main] w.s.c.ServletWebServerApplicationContext : Root WebApplicationContext: initialization completed in 8719 ms
2021-04-27 17:22:05.835  INFO 220016 --- [main] o.s.b.a.e.web.ServletEndpointRegistrar   : Registered '/actuator/jolokia' to jolokia-actuator-endpoint
2021-04-27 17:22:09.937  INFO 220016 --- [main] o.s.b.a.e.web.EndpointLinksResolver      : Exposing 17 endpoint(s) beneath base path '/actuator'
2021-04-27 17:22:11.483  INFO 220016 --- [main] o.s.s.concurrent.ThreadPoolTaskExecutor  : Initializing ExecutorService
2021-04-27 17:22:11.485  INFO 220016 --- [main] o.s.s.concurrent.ThreadPoolTaskExecutor  : Initializing ExecutorService 'secondaryThreadPool'
2021-04-27 17:22:14.825  INFO 220016 --- [main] pertySourcedRequestMappingHandlerMapping : Mapped URL path [/v2/api-docs] onto method [springfox.documentation.swagger2.web.Swagger2Controller#getDocumentation(String, HttpServletRequest)]
2021-04-27 17:22:17.935  INFO 220016 --- [main] o.s.b.w.embedded.tomcat.TomcatWebServer  : Tomcat started on port(s): 8888 (http) with context path ''
2021-04-27 17:22:18.737  INFO 220016 --- [main] d.s.w.p.DocumentationPluginsBootstrapper : Context refreshed
2021-04-27 17:22:18.799  INFO 220016 --- [main] d.s.w.p.DocumentationPluginsBootstrapper : Found 2 custom documentation plugin(s)
2021-04-27 17:22:18.888  INFO 220016 --- [main] s.d.s.w.s.ApiListingReferenceScanner     : Scanning for api listing references
2021-04-27 17:22:19.471  INFO 220016 --- [main] .d.s.w.r.o.CachingOperationNameGenerator : Generating unique operation named: handleUsingGET_1
2021-04-27 17:22:19.489  INFO 220016 --- [main] .d.s.w.r.o.CachingOperationNameGenerator : Generating unique operation named: handleUsingDELETE_1
2021-04-27 17:22:19.491  INFO 220016 --- [main] .d.s.w.r.o.CachingOperationNameGenerator : Generating unique operation named: handleUsingGET_2
2021-04-27 17:22:19.498  INFO 220016 --- [main] .d.s.w.r.o.CachingOperationNameGenerator : Generating unique operation named: handleUsingGET_3
2021-04-27 17:22:19.509  INFO 220016 --- [main] .d.s.w.r.o.CachingOperationNameGenerator : Generating unique operation named: handleUsingGET_4
2021-04-27 17:22:19.516  INFO 220016 --- [main] .d.s.w.r.o.CachingOperationNameGenerator : Generating unique operation named: handleUsingGET_5
2021-04-27 17:22:19.525  INFO 220016 --- [main] .d.s.w.r.o.CachingOperationNameGenerator : Generating unique operation named: handleUsingGET_6
2021-04-27 17:22:19.530  INFO 220016 --- [main] .d.s.w.r.o.CachingOperationNameGenerator : Generating unique operation named: handleUsingGET_7
2021-04-27 17:22:19.540  INFO 220016 --- [main] .d.s.w.r.o.CachingOperationNameGenerator : Generating unique operation named: handleUsingGET_8
2021-04-27 17:22:19.543  INFO 220016 --- [main] .d.s.w.r.o.CachingOperationNameGenerator : Generating unique operation named: handleUsingGET_9
2021-04-27 17:22:19.546  INFO 220016 --- [main] .d.s.w.r.o.CachingOperationNameGenerator : Generating unique operation named: handleUsingGET_10
2021-04-27 17:22:19.547  INFO 220016 --- [main] .d.s.w.r.o.CachingOperationNameGenerator : Generating unique operation named: handleUsingGET_11
2021-04-27 17:22:19.549  INFO 220016 --- [main] .d.s.w.r.o.CachingOperationNameGenerator : Generating unique operation named: handleUsingGET_12
2021-04-27 17:22:19.552  INFO 220016 --- [main] .d.s.w.r.o.CachingOperationNameGenerator : Generating unique operation named: handleUsingGET_13
2021-04-27 17:22:19.554  INFO 220016 --- [main] .d.s.w.r.o.CachingOperationNameGenerator : Generating unique operation named: handleUsingGET_14
2021-04-27 17:22:19.556  INFO 220016 --- [main] .d.s.w.r.o.CachingOperationNameGenerator : Generating unique operation named: handleUsingGET_15
2021-04-27 17:22:19.560  INFO 220016 --- [main] .d.s.w.r.o.CachingOperationNameGenerator : Generating unique operation named: handleUsingGET_16
2021-04-27 17:22:19.562  INFO 220016 --- [main] .d.s.w.r.o.CachingOperationNameGenerator : Generating unique operation named: handleUsingGET_17
2021-04-27 17:22:19.565  INFO 220016 --- [main] .d.s.w.r.o.CachingOperationNameGenerator : Generating unique operation named: handleUsingPOST_1
2021-04-27 17:22:19.567  INFO 220016 --- [main] .d.s.w.r.o.CachingOperationNameGenerator : Generating unique operation named: handleUsingGET_18
2021-04-27 17:22:19.572  INFO 220016 --- [main] .d.s.w.r.o.CachingOperationNameGenerator : Generating unique operation named: handleUsingGET_19
2021-04-27 17:22:19.622  INFO 220016 --- [main] s.d.s.w.s.ApiListingReferenceScanner     : Scanning for api listing references
2021-04-27 17:22:19.626  INFO 220016 --- [main] .d.s.w.r.o.CachingOperationNameGenerator : Generating unique operation named: getTimeUsingGET_1
2021-04-27 17:22:19.643  INFO 220016 --- [main] .d.s.w.r.o.CachingOperationNameGenerator : Generating unique operation named: getTimeUsingPOST_1
2021-04-27 17:22:19.650  INFO 220016 --- [main] .d.s.w.r.o.CachingOperationNameGenerator : Generating unique operation named: errorUsingGET_1
2021-04-27 17:22:19.651  INFO 220016 --- [main] .d.s.w.r.o.CachingOperationNameGenerator : Generating unique operation named: errorUsingHEAD_1
2021-04-27 17:22:19.652  INFO 220016 --- [main] .d.s.w.r.o.CachingOperationNameGenerator : Generating unique operation named: errorUsingPOST_1
2021-04-27 17:22:19.653  INFO 220016 --- [main] .d.s.w.r.o.CachingOperationNameGenerator : Generating unique operation named: errorUsingPUT_1
2021-04-27 17:22:19.654  INFO 220016 --- [main] .d.s.w.r.o.CachingOperationNameGenerator : Generating unique operation named: errorUsingPATCH_1
2021-04-27 17:22:19.655  INFO 220016 --- [main] .d.s.w.r.o.CachingOperationNameGenerator : Generating unique operation named: errorUsingDELETE_1
2021-04-27 17:22:19.656  INFO 220016 --- [main] .d.s.w.r.o.CachingOperationNameGenerator : Generating unique operation named: errorUsingOPTIONS_1
2021-04-27 17:22:19.657  INFO 220016 --- [main] .d.s.w.r.o.CachingOperationNameGenerator : Generating unique operation named: errorUsingTRACE_1
2021-04-27 17:22:19.687  INFO 220016 --- [main] c.l.c.web.LegendsBaseStarterApplication  : Started LegendsBaseStarterApplication in 26.758 seconds (JVM running for 29.586)
2021-04-27 17:28:31.031  INFO 220016 --- [http-nio-8888-exec-3] o.a.c.c.C.[Tomcat].[localhost].[/]       : Initializing Spring DispatcherServlet 'dispatcherServlet'
2021-04-27 17:28:31.040  INFO 220016 --- [http-nio-8888-exec-3] o.s.web.servlet.DispatcherServlet        : Initializing Servlet 'dispatcherServlet'
2021-04-27 17:28:31.117  INFO 220016 --- [http-nio-8888-exec-3] o.s.web.servlet.DispatcherServlet        : Completed initialization in 75 ms
2021-04-27 17:28:31.420  INFO 220016 --- [http-nio-8888-exec-3] c.l.cloud.web.aspect.ControllerAspect    : 《《===== RequestURI：/swagger-resources,方法：swaggerResources(未定义接口) =====》》
2021-04-27 17:28:31.421  INFO 220016 --- [http-nio-8888-exec-3] c.l.cloud.web.aspect.ControllerAspect    : 请求参数：该方法没有参数
2021-04-27 17:28:31.787  INFO 220016 --- [http-nio-8888-exec-3] c.l.cloud.web.aspect.ControllerAspect    : 响应信息：{"body":[{"location":"/v2/api-docs","name":"default","swaggerVersion":"2.0","url":"/v2/api-docs"},{"location":"/v2/api-docs?group=示例API","name":"示例API","swaggerVersion":"2.0","url":"/v2/api-docs?group=示例API"}],"headers":{},"statusCode":"OK","statusCodeValue":200}
